[Thu Sep  9 13:49:31.260 2010] 0.011 sec [all/2/rel 11 (0,20)] [article_core]
[Thu Sep  9 13:49:37.624 2010] 0.021 sec [all/2/rel 1 (0,20)] [article_core] zxc
[Thu Sep  9 13:49:51.116 2010] 0.000 sec [all/2/rel 1 (0,20)] [article_core] hxf
[Thu Sep  9 13:49:55.915 2010] 0.000 sec [all/2/rel 0 (0,20)] [article_core] 123
[Thu Sep  9 13:50:00.646 2010] 0.000 sec [all/2/rel 0 (0,20)] [article_core] 123
[Thu Sep  9 13:50:09.366 2010] 0.000 sec [all/2/rel 1 (0,20)] [article_core] zxc
[Thu Sep  9 13:50:30.248 2010] 0.000 sec [all/2/rel 11 (0,20)] [article_core]
[Thu Sep  9 13:50:33.705 2010] 0.000 sec [all/2/rel 1 (0,20)] [article_core] zxc
[Thu Sep  9 13:53:43.293 2010] 0.000 sec [all/2/rel 1 (0,20)] [article_core] zxc
[Thu Sep  9 13:53:44.631 2010] 0.000 sec [all/2/rel 1 (0,20)] [article_core] zxc
[Thu Sep  9 14:16:02.126 2010] 0.000 sec [all/2/rel 11 (0,20)] [article_core]
[Thu Sep  9 14:16:09.229 2010] 0.000 sec [all/2/rel 1 (0,20)] [article_core] hxf
[Thu Sep  9 14:37:15.439 2010] 0.010 sec [all/2/rel 11 (0,20)] [article_core]
[Thu Sep  9 14:51:10.990 2010] 0.020 sec [all/2/rel 0 (0,20)] [article_core] zx
[Thu Sep  9 14:51:16.189 2010] 0.015 sec [all/2/rel 1 (0,20)] [article_core] zxc
[Thu Sep  9 15:13:47.257 2010] 0.000 sec [all/2/rel 0 (0,20)] [article_core] zx
[Thu Sep  9 15:14:21.688 2010] 0.000 sec [all/2/rel 1 (0,20)] [article_core] zxc
[Thu Sep  9 15:16:22.053 2010] 0.000 sec [all/2/rel 1 (0,20)] [article_core] zxc
[Thu Sep  9 15:56:01.318 2010] 0.000 sec [all/2/rel 11 (0,20)] [article_core]
[Thu Sep  9 15:56:02.906 2010] 0.000 sec [all/2/rel 11 (0,20)] [article_core]
[Thu Sep  9 15:56:14.957 2010] 0.000 sec [all/2/rel 11 (0,20)] [article_core]
[Thu Sep  9 15:56:31.852 2010] 0.000 sec [all/2/rel 1 (0,20)] [article_core] fdsf
[Thu Sep  9 15:58:31.318 2010] 0.000 sec [all/2/rel 1 (0,20)] [article_core] fdsf
[Thu Sep  9 15:58:58.703 2010] 0.000 sec [all/2/rel 11 (0,20)] [article_core]
[Thu Sep  9 15:59:18.634 2010] 0.000 sec [all/2/rel 11 (0,20)] [article_core]
[Fri Sep 10 14:00:47.345 2010] 0.028 sec [ext/3/rel 1 (0,20)] [article_core] zxc
[Fri Sep 10 14:01:49.780 2010] 0.000 sec [ext/3/rel 1 (0,20)] [article_core] sdf
[Fri Sep 10 14:02:03.389 2010] 0.000 sec [all/3/rel 1 (0,20)] [article_core]
[Fri Sep 10 14:02:09.746 2010] 0.000 sec [ext/3/rel 1 (0,20)] [article_core] sdf
[Fri Sep 10 14:02:11.390 2010] 0.000 sec [ext/3/rel 1 (0,20)] [article_core] sdf
[Fri Sep 10 14:02:13.066 2010] 0.000 sec [ext/3/rel 1 (0,20)] [article_core] sdf
[Fri Sep 10 14:02:30.330 2010] 0.000 sec [ext/3/rel 10 (0,20)] [article_core]
[Fri Sep 10 14:02:36.475 2010] 0.000 sec [ext/3/rel 1 (0,20)] [article_core] sdf
[Fri Sep 10 14:03:02.659 2010] 0.000 sec [ext/3/rel 0 (0,20)] [article_core] sdf
[Fri Sep 10 14:03:16.917 2010] 0.000 sec [ext/3/rel 1 (0,20)] [article_core] sdf
[Fri Sep 10 14:03:42.804 2010] 0.000 sec [all/3/rel 1 (0,20)] [article_core] sdf
[Fri Sep 10 14:03:44.966 2010] 0.000 sec [all/3/rel 1 (0,20)] [article_core] sdf
[Fri Sep 10 14:03:50.804 2010] 0.000 sec [all/3/rel 4 (0,20)] [article_core]
[Fri Sep 10 14:03:52.747 2010] 0.000 sec [all/3/rel 4 (0,20)] [article_core]
[Fri Sep 10 14:04:23.915 2010] 0.000 sec [all/4/rel 2 (0,20)] [article_core]
[Fri Sep 10 14:04:49.489 2010] 0.000 sec [all/3/rel 0 (0,20)] [article_core]
[Fri Sep 10 14:04:51.572 2010] 0.000 sec [all/3/rel 0 (0,20)] [article_core]
[Fri Sep 10 14:05:24.330 2010] 0.001 sec [all/2/rel 11 (0,20)] [article_core]
[Fri Sep 10 14:05:26.632 2010] 0.000 sec [all/2/rel 11 (0,20)] [article_core]
[Fri Sep 10 14:05:31.883 2010] 0.000 sec [all/4/rel 2 (0,20)] [article_core]
[Fri Sep 10 14:05:36.306 2010] 0.000 sec [all/3/rel 4 (0,20)] [article_core]
[Fri Sep 10 14:08:16.994 2010] 0.000 sec [all/2/rel 11 (0,20)] [article_core]
[Fri Sep 10 14:30:52.752 2010] 0.000 sec [all/2/rel 11 (0,20)] [article_core]
[Fri Sep 10 14:30:58.778 2010] 0.000 sec [all/4/rel 2 (0,20)] [article_core]
[Fri Sep 10 14:43:47.656 2010] 0.000 sec [all/3/rel 9 (0,20)] [article_core]
[Fri Sep 10 14:43:51.893 2010] 0.000 sec [all/3/rel 4 (0,20)] [article_core]
[Fri Sep 10 14:43:56.266 2010] 0.000 sec [all/4/rel 2 (0,20)] [article_core]
[Fri Sep 10 14:49:24.498 2010] 0.000 sec [all/4/rel 2 (0,20)] [article_core]
[Fri Sep 10 14:50:46.611 2010] 0.000 sec [all/4/rel 2 (0,20)] [article_core]
[Fri Sep 10 14:52:06.892 2010] 0.000 sec [all/4/rel 2 (0,20)] [article_core]
[Fri Sep 10 14:52:44.516 2010] 0.000 sec [all/4/rel 2 (0,20)] [article_core]
[Fri Sep 10 14:53:48.376 2010] 0.000 sec [all/4/rel 2 (0,20)] [article_core]
[Mon Sep 13 13:04:52.648 2010] 0.002 sec [all/2/rel 11 (0,20)] [article_core]
[Mon Sep 13 13:04:55.405 2010] 0.000 sec [all/2/rel 11 (0,20)] [article_core]
[Mon Sep 13 13:04:59.621 2010] 0.000 sec [all/2/rel 11 (0,20)] [article_core]
[Mon Sep 13 13:05:04.537 2010] 0.000 sec [all/2/rel 11 (0,20)] [article_core]
[Mon Sep 13 13:05:10.844 2010] 0.018 sec [all/2/rel 0 (0,20)] [article_core] vc
[Mon Sep 13 13:05:16.241 2010] 0.006 sec [all/2/rel 1 (0,20)] [article_core] vcvc
[Mon Sep 13 13:43:54.323 2010] 0.020 sec [all/2/rel 11 (0,20)] [article_core]
[Mon Sep 13 13:44:43.573 2010] 0.000 sec [all/2/rel 11 (0,20)] [article_core]
[Mon Sep 13 13:45:01.079 2010] 0.000 sec [all/2/rel 11 (0,20)] [article_core]
[Mon Sep 13 13:46:20.894 2010] 0.000 sec [all/2/rel 11 (0,20)] [article_core]
[Mon Sep 13 13:48:03.737 2010] 0.000 sec [all/2/rel 11 (0,20)] [article_core]
[Mon Sep 13 13:48:22.308 2010] 0.000 sec [all/2/rel 11 (0,20)] [article_core]
[Mon Sep 13 13:48:23.823 2010] 0.000 sec [all/2/rel 11 (0,20)] [article_core]
[Mon Sep 13 13:48:40.395 2010] 0.000 sec [all/2/rel 11 (0,20)] [article_core]
[Mon Sep 13 13:51:46.002 2010] 0.000 sec [all/2/rel 11 (0,20)] [article_core]
[Mon Sep 13 13:53:42.564 2010] 0.000 sec [all/2/rel 11 (0,20)] [article_core]
[Mon Sep 13 13:56:42.439 2010] 0.000 sec [all/2/rel 11 (0,20)] [article_core]
[Mon Sep 13 13:57:26.550 2010] 0.000 sec [all/2/rel 11 (0,20)] [article_core]
[Mon Sep 13 13:59:09.633 2010] 0.000 sec [all/2/rel 11 (0,20)] [article_core]
[Mon Sep 13 14:00:02.565 2010] 0.000 sec [all/2/rel 11 (0,20)] [article_core]
[Mon Sep 13 14:00:35.602 2010] 0.000 sec [all/2/rel 11 (0,20)] [article_core]
[Mon Sep 13 14:03:31.868 2010] 0.000 sec [all/2/rel 11 (0,20)] [article_core]
[Mon Sep 13 14:03:33.473 2010] 0.000 sec [all/2/rel 11 (0,20)] [article_core]
[Mon Sep 13 14:03:38.035 2010] 0.026 sec [all/2/rel 1 (0,20)] [article_core] zxc
[Mon Sep 13 14:04:52.676 2010] 0.000 sec [all/2/rel 11 (0,20)] [article_core]
[Mon Sep 13 14:05:01.579 2010] 0.000 sec [all/3/rel 9 (0,20)] [article_core]
[Mon Sep 13 14:06:29.061 2010] 0.000 sec [all/3/rel 9 (0,20)] [article_core]
[Mon Sep 13 14:11:23.011 2010] 0.000 sec [all/3/rel 9 (0,20)] [article_core]
[Mon Sep 13 14:11:39.409 2010] 0.000 sec [all/3/rel 9 (0,20)] [article_core]
[Mon Sep 13 14:11:44.881 2010] 0.000 sec [all/3/rel 9 (0,20)] [article_core]
[Mon Sep 13 14:13:44.955 2010] 0.000 sec [all/3/rel 9 (0,20)] [article_core]
[Mon Sep 13 14:14:12.740 2010] 0.000 sec [all/3/rel 9 (0,20)] [article_core]
[Mon Sep 13 14:17:06.311 2010] 0.000 sec [all/3/rel 9 (0,20)] [article_core]
[Mon Sep 13 14:17:18.959 2010] 0.000 sec [all/3/rel 9 (0,20)] [article_core]
[Mon Sep 13 14:17:42.387 2010] 0.000 sec [all/3/rel 9 (0,20)] [article_core]
[Mon Sep 13 14:17:46.716 2010] 0.000 sec [all/3/rel 9 (0,20)] [article_core]
[Mon Sep 13 14:19:04.195 2010] 0.000 sec [all/4/rel 2 (0,20)] [article_core]
[Mon Sep 13 14:19:09.911 2010] 0.000 sec [all/2/rel 11 (0,20)] [article_core]
[Mon Sep 13 14:22:19.494 2010] 0.000 sec [all/3/rel 9 (0,20)] [article_core]
[Mon Sep 13 14:22:50.413 2010] 0.000 sec [all/3/rel 9 (0,20)] [article_core]
[Mon Sep 13 14:26:55.039 2010] 0.000 sec [all/3/rel 9 (0,20)] [article_core]
[Mon Sep 13 14:27:08.572 2010] 0.000 sec [all/3/rel 9 (0,20)] [article_core]
[Mon Sep 13 14:28:25.205 2010] 0.000 sec [all/3/rel 9 (0,20)] [article_core]
[Mon Sep 13 14:28:34.055 2010] 0.000 sec [all/3/rel 9 (0,20)] [article_core]
[Mon Sep 13 14:28:39.311 2010] 0.000 sec [all/3/rel 9 (0,20)] [article_core]
[Mon Sep 13 14:28:50.664 2010] 0.000 sec [all/3/rel 9 (0,20)] [article_core]
[Mon Sep 13 14:30:04.917 2010] 0.000 sec [all/2/rel 11 (0,20)] [article_core]
[Mon Sep 13 14:30:55.034 2010] 0.000 sec [all/2/rel 11 (0,20)] [article_core]
[Mon Sep 13 14:31:53.056 2010] 0.000 sec [all/3/rel 9 (0,20)] [article_core]
[Mon Sep 13 14:32:06.491 2010] 0.000 sec [all/3/rel 9 (0,20)] [article_core]
[Mon Sep 13 14:32:37.148 2010] 0.000 sec [all/3/rel 9 (0,20)] [article_core]
[Mon Sep 13 14:33:05.441 2010] 0.000 sec [all/2/rel 11 (0,20)] [article_core]
[Mon Sep 13 14:34:26.796 2010] 0.000 sec [all/3/rel 9 (0,20)] [article_core]
[Mon Sep 13 14:35:18.374 2010] 0.000 sec [all/3/rel 9 (0,20)] [article_core]
[Mon Sep 13 14:35:34.216 2010] 0.000 sec [all/3/rel 9 (0,20)] [article_core]
[Mon Sep 13 14:36:00.317 2010] 0.000 sec [all/3/rel 9 (0,20)] [article_core]
[Mon Sep 13 14:37:43.522 2010] 0.000 sec [all/3/rel 9 (0,20)] [article_core]
[Mon Sep 13 14:38:07.772 2010] 0.000 sec [all/3/rel 9 (0,20)] [article_core]
[Mon Sep 13 14:38:30.455 2010] 0.000 sec [all/3/rel 9 (0,20)] [article_core]
[Mon Sep 13 14:38:34.489 2010] 0.000 sec [all/3/rel 4 (0,20)] [article_core]
[Mon Sep 13 14:39:57.636 2010] 0.000 sec [all/3/rel 4 (0,20)] [article_core]
[Mon Sep 13 14:40:30.790 2010] 0.000 sec [all/3/rel 4 (0,20)] [article_core]
[Mon Sep 13 14:40:44.341 2010] 0.000 sec [all/3/rel 4 (0,20)] [article_core]
[Mon Sep 13 14:40:54.683 2010] 0.000 sec [all/3/rel 4 (0,20)] [article_core]
[Mon Sep 13 14:54:14.540 2010] 0.000 sec [all/3/rel 4 (0,20)] [article_core]
[Mon Sep 13 15:04:15.370 2010] 0.000 sec [all/3/rel 4 (0,20)] [article_core]
[Mon Sep 13 15:04:44.944 2010] 0.000 sec [all/2/rel 11 (0,20)] [article_core]
[Mon Sep 13 15:08:29.730 2010] 0.000 sec [all/2/rel 11 (0,20)] [article_core]
[Mon Sep 13 15:08:33.609 2010] 0.000 sec [all/2/rel 11 (0,20)] [article_core]
[Mon Sep 13 15:09:18.446 2010] 0.000 sec [all/2/rel 11 (0,20)] [article_core]
[Mon Sep 13 15:23:28.775 2010] 0.000 sec [all/2/rel 11 (0,20)] [article_core]
[Mon Sep 13 15:26:22.764 2010] 0.000 sec [all/2/rel 11 (0,20)] [article_core]
[Mon Sep 13 15:26:44.468 2010] 0.000 sec [all/2/rel 11 (0,20)] [article_core]
[Mon Sep 13 15:27:47.750 2010] 0.000 sec [all/2/rel 11 (0,20)] [article_core]
[Mon Sep 13 15:29:57.280 2010] 0.000 sec [all/2/rel 11 (0,20)] [article_core]
[Mon Sep 13 15:42:06.307 2010] 0.000 sec [all/2/rel 11 (0,20)] [article_core]
[Mon Sep 13 15:42:39.652 2010] 0.000 sec [all/2/rel 11 (0,20)] [article_core]
[Mon Sep 13 15:45:21.367 2010] 0.000 sec [all/2/rel 11 (0,20)] [article_core]
[Mon Sep 13 15:45:45.194 2010] 0.000 sec [all/2/rel 11 (0,20)] [article_core]
[Mon Sep 13 15:45:52.290 2010] 0.000 sec [all/2/rel 11 (0,20)] [article_core]
[Mon Sep 13 15:46:12.435 2010] 0.000 sec [all/2/rel 11 (0,20)] [article_core]
[Mon Sep 13 15:46:38.020 2010] 0.000 sec [all/2/rel 11 (0,20)] [article_core]
[Mon Sep 13 15:48:03.707 2010] 0.000 sec [all/2/rel 11 (0,20)] [article_core]
[Mon Sep 13 15:48:26.428 2010] 0.000 sec [all/2/rel 11 (0,20)] [article_core]
[Mon Sep 13 15:49:48.760 2010] 0.000 sec [all/2/rel 11 (0,20)] [article_core]
[Mon Sep 13 15:55:54.330 2010] 0.000 sec [all/2/rel 11 (0,20)] [article_core]
[Mon Sep 13 15:56:00.585 2010] 0.000 sec [all/2/rel 11 (0,20)] [article_core]
[Mon Sep 13 15:56:08.126 2010] 0.000 sec [all/3/rel 9 (0,20)] [article_core]
[Mon Sep 13 15:56:25.830 2010] 0.000 sec [all/3/rel 1 (0,20)] [article_core]
[Mon Sep 13 15:56:33.143 2010] 0.000 sec [all/2/rel 11 (0,20)] [article_core]
[Mon Sep 13 15:59:42.618 2010] 0.000 sec [all/2/rel 11 (0,20)] [article_core]
[Mon Sep 13 15:59:55.706 2010] 0.002 sec [all/2/rel 11 (0,20)] [article_core]
[Mon Sep 13 16:00:03.818 2010] 0.000 sec [all/2/rel 11 (0,20)] [article_core]
[Mon Sep 13 16:02:29.704 2010] 0.000 sec [all/2/rel 11 (0,20)] [article_core]
[Mon Sep 13 16:03:04.481 2010] 0.000 sec [all/3/rel 9 (0,20)] [article_core]
[Mon Sep 13 16:05:01.828 2010] 0.000 sec [all/2/rel 11 (0,20)] [article_core]
[Mon Sep 13 20:49:20.343 2010] 0.014 sec [all/2/rel 11 (0,20)] [article_core]
[Mon Sep 13 20:49:26.128 2010] 0.000 sec [all/4/rel 2 (0,20)] [article_core]
[Mon Sep 13 20:49:31.938 2010] 0.000 sec [all/2/rel 11 (0,20)] [article_core]
[Mon Sep 13 20:52:04.734 2010] 0.000 sec [all/2/rel 11 (0,20)] [article_core]
[Mon Sep 13 20:54:04.837 2010] 0.000 sec [all/2/rel 11 (0,20)] [article_core]
[Mon Sep 13 20:54:10.461 2010] 0.000 sec [all/2/rel 11 (0,20)] [article_core]
[Mon Sep 13 20:54:54.354 2010] 0.000 sec [all/2/rel 11 (0,20)] [article_core]
[Mon Sep 13 20:54:59.597 2010] 0.000 sec [all/2/rel 11 (0,20)] [article_core]
[Mon Sep 13 20:55:08.355 2010] 0.000 sec [all/2/rel 11 (0,20)] [article_core]
[Mon Sep 13 20:55:19.598 2010] 0.000 sec [all/3/rel 1 (0,20)] [article_core]
[Mon Sep 13 20:55:33.432 2010] 0.000 sec [all/3/rel 1 (0,20)] [article_core]
[Mon Sep 13 20:55:45.376 2010] 0.000 sec [all/2/rel 11 (0,20)] [article_core]
[Mon Sep 13 20:55:50.501 2010] 0.000 sec [all/2/rel 11 (0,20)] [article_core]
[Mon Sep 13 20:56:08.728 2010] 0.000 sec [all/4/rel 2 (0,20)] [article_core]
[Mon Sep 13 21:01:36.499 2010] 0.000 sec [all/2/rel 11 (0,20)] [article_core]
[Mon Sep 13 21:06:16.273 2010] 0.000 sec [all/4/rel 1 (0,20)] [article_core]
[Mon Sep 13 21:09:46.314 2010] 0.000 sec [all/3/rel 7 (0,20)] [article_core]
[Mon Sep 13 21:10:00.705 2010] 0.000 sec [all/3/rel 1 (0,20)] [article_core]
[Mon Sep 13 21:10:08.260 2010] 0.000 sec [all/4/rel 0 (0,20)] [article_core]
[Mon Sep 13 21:10:15.117 2010] 0.000 sec [all/3/rel 7 (0,20)] [article_core]
[Mon Sep 13 21:10:54.049 2010] 0.000 sec [all/4/rel 0 (0,20)] [article_core]
[Mon Sep 13 21:11:02.454 2010] 0.000 sec [all/4/rel 1 (0,20)] [article_core]
[Mon Sep 13 21:11:12.298 2010] 0.001 sec [all/3/rel 1 (0,20)] [article_core]
[Mon Sep 13 21:11:18.138 2010] 0.000 sec [all/3/rel 7 (0,20)] [article_core]
[Mon Sep 13 21:11:52.666 2010] 0.000 sec [all/4/rel 0 (0,20)] [article_core]
[Mon Sep 13 21:13:48.859 2010] 0.000 sec [all/4/rel 0 (0,20)] [article_core]
[Mon Sep 13 21:13:57.117 2010] 0.000 sec [all/4/rel 7 (0,20)] [article_core]
[Mon Sep 13 21:14:01.244 2010] 0.000 sec [all/3/rel 7 (0,20)] [article_core]
[Mon Sep 13 21:16:51.989 2010] 0.000 sec [all/4/rel 1 (0,20)] [article_core]
[Mon Sep 13 21:16:56.483 2010] 0.000 sec [all/3/rel 6 (0,20)] [article_core]
[Mon Sep 13 21:17:05.291 2010] 0.000 sec [all/4/rel 6 (0,20)] [article_core]
[Mon Sep 13 21:17:17.707 2010] 0.000 sec [all/3/rel 1 (0,20)] [article_core]
[Mon Sep 13 21:17:24.899 2010] 0.000 sec [all/5/rel 1 (0,20)] [article_core]
[Mon Sep 13 21:17:40.865 2010] 0.000 sec [all/3/rel 1 (0,20)] [article_core]
[Mon Sep 13 21:17:47.881 2010] 0.000 sec [all/5/rel 1 (0,20)] [article_core]
[Mon Sep 13 21:17:57.563 2010] 0.000 sec [all/4/rel 6 (0,20)] [article_core]
[Mon Sep 13 21:18:47.203 2010] 0.000 sec [all/5/rel 1 (0,20)] [article_core]
[Mon Sep 13 21:18:56.905 2010] 0.000 sec [all/4/rel 6 (0,20)] [article_core]
[Mon Sep 13 21:19:17.782 2010] 0.000 sec [all/6/rel 1 (0,20)] [article_core]
[Mon Sep 13 21:19:31.133 2010] 0.000 sec [all/6/rel 0 (0,20)] [article_core]
[Mon Sep 13 21:19:37.094 2010] 0.000 sec [all/5/rel 1 (0,20)] [article_core]
[Mon Sep 13 21:19:39.585 2010] 0.000 sec [all/2/rel 11 (0,20)] [article_core]
[Mon Sep 13 21:19:44.025 2010] 0.000 sec [all/3/rel 6 (0,20)] [article_core]
[Mon Sep 13 21:20:00.503 2010] 0.000 sec [all/3/rel 6 (0,20)] [article_core]
[Mon Sep 13 21:20:12.338 2010] 0.000 sec [all/3/rel 6 (0,20)] [article_core]
[Mon Sep 13 21:20:25.306 2010] 0.000 sec [all/3/rel 6 (0,20)] [article_core]
[Mon Sep 13 21:20:55.550 2010] 0.000 sec [all/3/rel 6 (0,20)] [article_core]
[Mon Sep 13 21:20:59.628 2010] 0.000 sec [all/3/rel 6 (0,20)] [article_core]
[Mon Sep 13 21:22:00.251 2010] 0.000 sec [all/3/rel 6 (0,20)] [article_core]
[Mon Sep 13 21:22:04.129 2010] 0.000 sec [all/3/rel 0 (0,20)] [article_core]
[Mon Sep 13 21:22:33.178 2010] 0.000 sec [all/3/rel 2 (0,20)] [article_core]
[Mon Sep 13 21:22:38.730 2010] 0.000 sec [all/3/rel 2 (0,20)] [article_core]
[Mon Sep 13 21:22:55.555 2010] 0.000 sec [all/5/rel 0 (0,20)] [article_core]
[Mon Sep 13 21:24:56.430 2010] 0.000 sec [all/5/rel 0 (0,20)] [article_core]
[Mon Sep 13 21:25:01.311 2010] 0.000 sec [all/4/rel 4 (0,20)] [article_core]
[Mon Sep 13 21:25:27.284 2010] 0.000 sec [all/5/rel 0 (0,20)] [article_core]
[Mon Sep 13 21:26:50.830 2010] 0.000 sec [all/5/rel 2 (0,20)] [article_core]
[Mon Sep 13 21:26:56.252 2010] 0.000 sec [all/5/rel 2 (0,20)] [article_core]
[Mon Sep 13 21:27:01.712 2010] 0.000 sec [all/5/rel 2 (0,20)] [article_core]
[Mon Sep 13 21:27:05.577 2010] 0.000 sec [all/4/rel 5 (0,20)] [article_core]
[Mon Sep 13 21:27:13.320 2010] 0.000 sec [all/3/rel 0 (0,20)] [article_core]
[Mon Sep 13 21:27:33.275 2010] 0.000 sec [all/3/rel 2 (0,20)] [article_core]
[Tue Sep 14 13:44:26.480 2010] 0.014 sec [all/2/rel 11 (0,20)] [article_core]
[Tue Sep 14 15:12:51.990 2010] 0.000 sec [all/4/rel 1 (0,20)] [article_core]
[Tue Sep 14 15:13:02.846 2010] 0.000 sec [all/3/rel 1 (0,20)] [article_core]
[Tue Sep 14 15:13:12.192 2010] 0.000 sec [all/3/rel 5 (0,20)] [article_core]
[Tue Sep 14 16:57:45.587 2010] 0.000 sec [all/2/rel 11 (0,20)] [article_core]
[Tue Sep 14 16:57:50.483 2010] 0.021 sec [all/2/rel 1 (0,20)] [article_core] zxc
[Tue Sep 14 17:03:21.422 2010] 0.000 sec [all/2/rel 1 (0,20)] [article_core] zxc
[Tue Sep 14 17:03:22.651 2010] 0.000 sec [all/2/rel 11 (0,20)] [article_core]
[Tue Sep 14 17:03:25.058 2010] 0.000 sec [all/2/rel 11 (0,20)] [article_core]
[Tue Sep 14 21:20:52.189 2010] 0.011 sec [all/2/rel 11 (0,20)] [article_core]
[Tue Sep 14 21:41:35.147 2010] 0.000 sec [all/3/rel 1 (0,20)] [article_core]
[Tue Sep 14 21:42:10.742 2010] 0.000 sec [all/3/rel 1 (0,20)] [article_core]
[Tue Sep 14 21:42:24.002 2010] 0.000 sec [all/3/rel 1 (0,20)] [article_core]
[Tue Sep 14 21:42:47.023 2010] 0.000 sec [all/3/rel 1 (0,20)] [article_core]
[Tue Sep 14 21:43:04.651 2010] 0.000 sec [all/3/rel 1 (0,20)] [article_core]
[Tue Sep 14 21:44:51.990 2010] 0.000 sec [all/3/rel 1 (0,20)] [article_core]
[Tue Sep 14 21:45:08.859 2010] 0.000 sec [all/3/rel 1 (0,20)] [article_core]
[Tue Sep 14 21:45:22.295 2010] 0.000 sec [all/3/rel 1 (0,20)] [article_core]
[Tue Sep 14 21:49:45.555 2010] 0.000 sec [all/3/rel 1 (0,20)] [article_core]
[Tue Sep 14 21:49:58.565 2010] 0.000 sec [all/3/rel 1 (0,20)] [article_core]
[Tue Sep 14 21:50:06.508 2010] 0.000 sec [all/3/rel 1 (0,20)] [article_core]
[Tue Sep 14 21:50:33.673 2010] 0.000 sec [all/3/rel 1 (0,20)] [article_core]
[Tue Sep 14 21:50:48.905 2010] 0.000 sec [all/3/rel 1 (0,20)] [article_core]
[Tue Sep 14 21:51:20.119 2010] 0.000 sec [all/3/rel 1 (0,20)] [article_core]
[Tue Sep 14 21:51:33.557 2010] 0.000 sec [all/3/rel 1 (0,20)] [article_core]
[Tue Sep 14 22:07:16.104 2010] 0.000 sec [all/3/rel 1 (0,20)] [article_core]
[Tue Sep 14 22:07:34.258 2010] 0.000 sec [all/3/rel 1 (0,20)] [article_core]
[Tue Sep 14 22:07:55.392 2010] 0.000 sec [all/3/rel 1 (0,20)] [article_core]
[Tue Sep 14 22:08:03.762 2010] 0.000 sec [all/3/rel 1 (0,20)] [article_core]
[Tue Sep 14 22:08:25.332 2010] 0.000 sec [all/3/rel 1 (0,20)] [article_core]
[Tue Sep 14 22:11:49.186 2010] 0.000 sec [all/3/rel 1 (0,20)] [article_core]
[Tue Sep 14 22:12:10.075 2010] 0.000 sec [all/3/rel 1 (0,20)] [article_core]
[Tue Sep 14 22:12:24.200 2010] 0.000 sec [all/3/rel 1 (0,20)] [article_core]
[Tue Sep 14 22:33:25.640 2010] 0.000 sec [all/3/rel 1 (0,20)] [article_core]
[Tue Sep 14 22:38:12.182 2010] 0.000 sec [all/3/rel 1 (0,20)] [article_core]
[Tue Sep 14 22:43:27.250 2010] 0.000 sec [all/3/rel 1 (0,20)] [article_core]
[Tue Sep 14 22:43:47.146 2010] 0.000 sec [all/3/rel 1 (0,20)] [article_core]
[Tue Sep 14 22:44:02.303 2010] 0.000 sec [all/3/rel 1 (0,20)] [article_core]
[Tue Sep 14 22:44:27.931 2010] 0.000 sec [all/3/rel 1 (0,20)] [article_core]
[Tue Sep 14 22:44:45.626 2010] 0.000 sec [all/3/rel 1 (0,20)] [article_core]
[Tue Sep 14 22:48:05.876 2010] 0.000 sec [all/3/rel 1 (0,20)] [article_core]
[Tue Sep 14 22:48:25.528 2010] 0.000 sec [all/3/rel 1 (0,20)] [article_core]
[Tue Sep 14 22:49:33.718 2010] 0.000 sec [all/3/rel 1 (0,20)] [article_core]
[Tue Sep 14 22:49:47.329 2010] 0.000 sec [all/3/rel 1 (0,20)] [article_core]
[Tue Sep 14 22:50:06.016 2010] 0.000 sec [all/3/rel 1 (0,20)] [article_core]
[Tue Sep 14 22:50:31.248 2010] 0.000 sec [all/3/rel 1 (0,20)] [article_core]
[Tue Sep 14 22:51:11.113 2010] 0.000 sec [all/3/rel 1 (0,20)] [article_core]
[Tue Sep 14 22:51:39.229 2010] 0.000 sec [all/3/rel 1 (0,20)] [article_core]
[Tue Sep 14 22:52:58.977 2010] 0.000 sec [all/3/rel 1 (0,20)] [article_core]
[Tue Sep 14 22:53:26.017 2010] 0.000 sec [all/3/rel 1 (0,20)] [article_core]
[Tue Sep 14 22:53:56.278 2010] 0.000 sec [all/3/rel 1 (0,20)] [article_core]
[Tue Sep 14 22:54:46.786 2010] 0.000 sec [all/3/rel 1 (0,20)] [article_core]
[Tue Sep 14 22:55:16.821 2010] 0.000 sec [all/3/rel 1 (0,20)] [article_core]
[Tue Sep 14 22:55:35.062 2010] 0.000 sec [all/3/rel 1 (0,20)] [article_core]
[Tue Sep 14 22:55:59.046 2010] 0.000 sec [all/3/rel 1 (0,20)] [article_core]
[Tue Sep 14 22:57:23.319 2010] 0.000 sec [all/3/rel 1 (0,20)] [article_core]
[Tue Sep 14 23:01:44.900 2010] 0.000 sec [all/3/rel 1 (0,20)] [article_core]
[Tue Sep 14 23:02:08.129 2010] 0.000 sec [all/3/rel 1 (0,20)] [article_core]
[Tue Sep 14 23:02:30.074 2010] 0.000 sec [all/3/rel 1 (0,20)] [article_core]
[Tue Sep 14 23:06:14.158 2010] 0.000 sec [all/3/rel 1 (0,20)] [article_core]
[Tue Sep 14 23:06:40.994 2010] 0.000 sec [all/3/rel 1 (0,20)] [article_core]
[Tue Sep 14 23:08:38.804 2010] 0.000 sec [all/3/rel 1 (0,20)] [article_core]
[Tue Sep 14 23:09:11.419 2010] 0.000 sec [all/3/rel 1 (0,20)] [article_core]
[Tue Sep 14 23:09:48.744 2010] 0.000 sec [all/3/rel 1 (0,20)] [article_core]
[Tue Sep 14 23:10:13.939 2010] 0.000 sec [all/3/rel 1 (0,20)] [article_core]
[Tue Sep 14 23:32:57.871 2010] 0.000 sec [all/3/rel 1 (0,20)] [article_core]
[Tue Sep 14 23:33:24.213 2010] 0.000 sec [all/3/rel 1 (0,20)] [article_core]
[Thu Sep 16 22:58:49.962 2010] 0.013 sec [all/2/rel 11 (0,20)] [article_core]
[Thu Sep 16 22:58:54.154 2010] 0.000 sec [all/3/rel 4 (0,20)] [article_core]
[Thu Sep 16 23:06:10.197 2010] 0.000 sec [all/3/rel 1 (0,20)] [article_core]
[Thu Sep 16 23:06:38.907 2010] 0.000 sec [all/3/rel 1 (0,20)] [article_core]
[Thu Sep 16 23:38:54.016 2010] 0.000 sec [all/3/rel 1 (0,20)] [article_core]
[Thu Sep 16 23:44:43.365 2010] 0.000 sec [all/3/rel 1 (0,20)] [article_core]
[Thu Sep 16 23:45:02.540 2010] 0.000 sec [all/3/rel 1 (0,20)] [article_core]
[Thu Sep 16 23:45:46.751 2010] 0.000 sec [all/3/rel 1 (0,20)] [article_core]
[Thu Sep 16 23:47:30.808 2010] 0.000 sec [all/3/rel 1 (0,20)] [article_core]
[Thu Sep 16 23:51:04.016 2010] 0.000 sec [all/3/rel 1 (0,20)] [article_core]
[Fri Sep 17 00:02:15.992 2010] 0.000 sec [all/3/rel 0 (0,20)] [article_core]
[Fri Sep 17 00:02:39.807 2010] 0.000 sec [all/3/rel 0 (0,20)] [article_core]
[Fri Sep 17 00:15:23.174 2010] 0.000 sec [all/3/rel 0 (0,20)] [article_core]
[Fri Sep 17 00:15:39.565 2010] 0.000 sec [all/3/rel 0 (0,20)] [article_core]
[Fri Sep 17 00:15:55.664 2010] 0.000 sec [all/3/rel 0 (0,20)] [article_core]
[Fri Sep 17 00:16:15.312 2010] 0.000 sec [all/3/rel 0 (0,20)] [article_core]
[Fri Sep 17 00:17:27.598 2010] 0.000 sec [all/3/rel 0 (0,20)] [article_core]
[Fri Sep 17 00:17:40.206 2010] 0.000 sec [all/3/rel 0 (0,20)] [article_core]
[Fri Sep 17 00:17:50.856 2010] 0.000 sec [all/3/rel 0 (0,20)] [article_core]
[Mon Sep 20 17:57:15.259 2010] 0.014 sec [all/3/rel 5 (0,20)] [article_core]
[Mon Sep 20 17:57:21.413 2010] 0.000 sec [all/2/rel 11 (0,20)] [article_core]
[Mon Sep 20 17:58:40.826 2010] 0.000 sec [all/2/rel 1 (0,20)] [article_core]
[Mon Sep 20 17:58:44.616 2010] 0.000 sec [all/3/rel 1 (0,20)] [article_core]
[Mon Sep 20 17:58:56.323 2010] 0.000 sec [all/3/rel 1 (0,20)] [article_core]
[Mon Sep 20 18:41:30.747 2010] 0.020 sec [all/3/rel 0 (0,20)] [article_core]
[Mon Sep 20 18:42:29.483 2010] 0.000 sec [all/3/rel 1 (0,20)] [article_core]
[Mon Sep 20 18:42:43.341 2010] 0.000 sec [all/3/rel 0 (0,20)] [article_core]
[Mon Sep 20 18:44:51.457 2010] 0.000 sec [all/3/rel 0 (0,20)] [article_core]
[Mon Sep 20 18:47:33.715 2010] 0.000 sec [all/3/rel 0 (0,20)] [article_core]
[Mon Sep 20 18:48:07.601 2010] 0.000 sec [all/3/rel 0 (0,20)] [article_core]
[Mon Sep 20 18:51:22.974 2010] 0.000 sec [all/3/rel 0 (0,20)] [article_core]
[Mon Sep 20 18:52:28.992 2010] 0.000 sec [all/3/rel 0 (0,20)] [article_core]
[Mon Sep 20 18:55:40.026 2010] 0.000 sec [all/3/rel 1 (0,20)] [article_core]
[Mon Sep 20 18:55:58.311 2010] 0.000 sec [all/3/rel 0 (0,20)] [article_core]
[Mon Sep 20 18:58:02.098 2010] 0.000 sec [all/3/rel 1 (0,20)] [article_core]
[Mon Sep 20 18:58:27.811 2010] 0.000 sec [all/3/rel 1 (0,20)] [article_core]
[Mon Sep 20 18:58:40.611 2010] 0.000 sec [all/3/rel 1 (0,20)] [article_core]
[Mon Sep 20 18:58:53.905 2010] 0.000 sec [all/3/rel 1 (0,20)] [article_core]
[Mon Sep 20 18:59:07.170 2010] 0.000 sec [all/3/rel 1 (0,20)] [article_core]
[Mon Sep 20 19:00:03.156 2010] 0.000 sec [all/3/rel 1 (0,20)] [article_core]
[Mon Sep 20 19:00:19.044 2010] 0.000 sec [all/3/rel 1 (0,20)] [article_core]
[Mon Sep 20 19:00:29.534 2010] 0.002 sec [all/3/rel 1 (0,20)] [article_core]
[Mon Sep 20 19:01:10.059 2010] 0.000 sec [all/3/rel 1 (0,20)] [article_core]
[Mon Sep 20 19:01:27.025 2010] 0.000 sec [all/3/rel 1 (0,20)] [article_core]
[Mon Sep 20 19:01:52.691 2010] 0.000 sec [all/3/rel 1 (0,20)] [article_core]
[Mon Sep 20 19:06:18.595 2010] 0.000 sec [all/3/rel 1 (0,20)] [article_core]
[Mon Sep 20 19:07:58.078 2010] 0.000 sec [all/3/rel 1 (0,20)] [article_core]
[Mon Sep 20 19:08:19.680 2010] 0.000 sec [all/3/rel 1 (0,20)] [article_core]
[Mon Sep 20 19:08:37.389 2010] 0.000 sec [all/3/rel 1 (0,20)] [article_core]
[Mon Sep 20 19:09:01.051 2010] 0.000 sec [all/3/rel 1 (0,20)] [article_core]
[Mon Sep 20 19:54:28.301 2010] 0.000 sec [all/3/rel 1 (0,20)] [article_core]
[Mon Sep 20 20:04:56.263 2010] 0.000 sec [all/3/rel 1 (0,20)] [article_core]
[Mon Sep 20 20:08:42.020 2010] 0.000 sec [all/3/rel 0 (0,20)] [article_core]
[Mon Sep 20 20:10:50.481 2010] 0.000 sec [all/3/rel 0 (0,20)] [article_core]
[Mon Sep 20 20:11:35.168 2010] 0.000 sec [all/3/rel 0 (0,20)] [article_core]
[Mon Sep 20 20:12:25.013 2010] 0.000 sec [all/3/rel 0 (0,20)] [article_core]
[Mon Sep 20 22:07:34.639 2010] 0.000 sec [all/3/rel 1 (0,20)] [article_core]
[Mon Sep 20 22:08:11.437 2010] 0.000 sec [all/3/rel 1 (0,20)] [article_core]
[Mon Sep 20 22:08:23.477 2010] 0.000 sec [all/3/rel 1 (0,20)] [article_core]
[Mon Sep 20 22:15:47.484 2010] 0.000 sec [all/3/rel 1 (0,20)] [article_core]
[Mon Sep 20 22:15:47.660 2010] 0.000 sec [all/3/rel 0 (0,20)] [article_core]
[Mon Sep 20 22:15:54.642 2010] 0.000 sec [all/3/rel 1 (0,20)] [article_core]
[Mon Sep 20 22:15:54.709 2010] 0.000 sec [all/3/rel 0 (0,20)] [article_core]
[Thu Sep 23 21:44:26.352 2010] 0.024 sec [all/2/rel 0 (0,20)] [article_core] premierowy
[Thu Sep 23 21:44:33.612 2010] 0.000 sec [all/2/rel 0 (0,20)] [article_core] PREMIEROWY
[Thu Sep 23 21:44:47.835 2010] 0.000 sec [all/2/rel 1 (0,20)] [article_core] PREMIEROWY
[Thu Sep 23 23:11:28.508 2010] 0.000 sec [all/3/rel 0 (0,20)] [article_core]
[Thu Sep 23 23:11:55.156 2010] 0.000 sec [all/3/rel 0 (0,20)] [article_core]
